{
  "RSpec": {
    "coverage": {
      "/root/cs3300rdo/app/helpers/application_helper.rb": {
        "lines": [
          1,
          null
        ]
      },
      "/root/cs3300rdo/app/helpers/projects_helper.rb": {
        "lines": [
          1,
          null
        ]
      },
      "/root/cs3300rdo/app/models/project.rb": {
        "lines": [
          1,
          1,
          null
        ]
      },
      "/root/cs3300rdo/app/models/application_record.rb": {
        "lines": [
          1,
          1,
          null
        ]
      },
      "/root/cs3300rdo/app/jobs/application_job.rb": {
        "lines": [
          0,
          0
        ],
        "branches": {
        }
      },
      "/root/cs3300rdo/app/channels/application_cable/channel.rb": {
        "lines": [
          0,
          0,
          0,
          0
        ],
        "branches": {
        }
      },
      "/root/cs3300rdo/app/channels/application_cable/connection.rb": {
        "lines": [
          0,
          0,
          0,
          0
        ],
        "branches": {
        }
      },
      "/root/cs3300rdo/app/controllers/projects_controller.rb": {
        "lines": [
          0,
          0,
          null,
          null,
          0,
          0,
          0,
          null,
          null,
          0,
          0,
          null,
          null,
          0,
          0,
          0,
          null,
          null,
          0,
          0,
          null,
          null,
          0,
          0,
          null,
          0,
          0,
          0,
          0,
          0,
          0,
          0,
          0,
          0,
          0,
          null,
          null,
          0,
          0,
          0,
          0,
          0,
          0,
          0,
          0,
          0,
          0,
          0,
          null,
          null,
          0,
          0,
          null,
          0,
          0,
          0,
          0,
          0,
          null,
          0,
          null,
          0,
          0,
          0,
          null,
          null,
          0,
          0,
          0,
          0
        ],
        "branches": {
        }
      },
      "/root/cs3300rdo/app/controllers/application_controller.rb": {
        "lines": [
          0,
          0
        ],
        "branches": {
        }
      },
      "/root/cs3300rdo/app/mailers/application_mailer.rb": {
        "lines": [
          0,
          0,
          0,
          0
        ],
        "branches": {
        }
      }
    },
    "timestamp": 1648693180
  }
}
